//=======================================================================
//			Copyright XashXT Group 2007 ©
//			list with backup directories
//=======================================================================

// global stuff
xash.dsw
debug.bat
backup.lst
backup.bat
release.bat
launchers.bat
change.log

bshift\
client\
client\hud\
client\global\
common\
game_shared\
gameui\
engine\
engine\client\
engine\server\
engine\common\
platform\
platform\imagelib\
platform\soundlib\
physic\
public\
server\
server\ents\
server\game\
server\global\
server\monsters\
launch\
spirit\
snd_dx\
vid_gl\
xtools\
xtools\xwad\
xtools\bsplib
xtools\ripper
xtools\sprite\
xtools\studio\
xtools\ximage\
xtools\extragen\