build ????

SoundLib: ogg loop points (LOOP_START comment)
Client: recalc fov y for more matched with original HL
Bshift: fix env_laser entity
Client: fix fadeout for break model pieces
Gfx: replace default.bmp font with fixed alpha-channel (thx LokiMb)
Render: fix invisible beams behind glass
Render: fix glow-sprites drawing through walls
FS: implement filter wadlumps by wadname (e.g. gfx.wad/backtile)
Render: implement kRenderTransColor
Engine: completely moving particle code into the client.dll
Client: implement tracers for sparks, garg streaks and bullets 

build 1249

ImageLib: added support for 4-bits and monochrome uncompressed BMPs.
ImageLib: fix data align for NPOT textures in menu (e.g. slider.bmp).
StdLib: skip empty symbols in numerical string for atoi and atof.
Render: implement LoadSprite for custom client sprites (e.g. hud)
Sound: fixed bug with background music looping
Fonts: implement Half-Life creditfonts
Client: move client.dll to valve folder