Наблюдения:
Винда неадекватно реагирует на исполняемые файлы с именем setup.exe (какой-то набор умолчаний - см BC)
Ньютон - это просто пипец какой-то. С версии 1.3 до 1.53 левостороняя система координат сменилась на правую.
Коллижен менеджер (который фейсы добавляет) на версии 1.53 вылетает при парсинге половины q2 карт почему-то.
Но если все полигоны преобразовать в треугольники, то не вылетает, даже наоборот, из некоторых групп треугольников
обратно делает полигоны. (хтя он и должен так делать)
DDS Converter 2.1 некорректно высчитывает размер dds файла (баг в devil ?), юзаем только nvdxt
SprExplorer писали редкостные идиоты - он у них не то что версию файла, он даже заголовок не проверяет,
действительно, раз расширение spr, значит правильный ресурс. Если б программисты строили дома...
fopen завешивает приложение, при попытке создать файл в несуществующей директории. Ну вылетал бы чтоли, или ошибку
возвращал.
fopen завешивает приложение, даже если перепутать местами + и a, при установке режима!

0 - восток
90 - север



Отложенные задачи:
1. Поддержка loop для ogg vorbis
2. переписать studiomdl для использования VFS

Xash 0.72 Beta 5.07.10

1.game interface - new revision		OK
2.clgame interface - new revision		OK
3.entity_state - new revision			OK
4.rework dlights				OK
5.rework decals				OK
6.batch drawing decals			OK
7.draw lightmapped decals			OK
8.draw decals on bmodels			OK
9.implement save\restore for decals		OK
10.create animated decals			OK
11.fix external shader lighting bug		OK
12.revision resources
13.implement the sv_lightpoint		OK
