=======================================================================
	Xash3D QuakeC Compiler started at Oct05 2007 [00:01:47]
=======================================================================
use opt: "write source"
use opt: "write linenums"
use opt: "write types"
"write source" not supported with standard target, disable
"write linenums" not supported with standard target, disable
"write types" not supported with standard target, disable
------------Configuration: server - Vm16 Debug------------
Compiling...
defs.c
main.c
damage.c
player.c
client.c
dummys.c
ents/internal.c
ents/lights.c
ents/ambient.c
ents/ccam.c
ents/triggers/triggers.c
ents/triggers/trigger_generic.c
ents/triggers/trigger_once.c
ents/triggers/trigger_sequence.c
ents/triggers/trigger_message.c
ents/triggers/trigger_counter.c
ents/triggers/trigger_teleport.c
ents/triggers/trigger_hurt.c
ents/triggers/trigger_push.c
ents/triggers/trigger_changelevel.c
ents/triggers/trigger_setskill.c
ents/triggers/trigger_secret.c
ents/funcs/funcs.c
ents/funcs/func_mover.c
ents/funcs/func_door.c
ents/funcs/func_button.c
ents/funcs/func_path_corner.c
ents/funcs/func_train.c
ents/funcs/func_areaportal.c
ents/items/items.c
impulses.c
writing progdefs.h
Xash3D virtual machine
 19684 strofs (of 1000000)
  2867 numstatements (of 524288)
   281 numfunctions (of 16384)
   964 numglobaldefs (of 32768)
   245 numfielddefs (218 unique) (of 2048)
  2279 numpr_globals (of 65536)
Writing server.dat
 71768 TOTAL SIZE
 17 unique precache_sounds
  3 unique precache_models
Скопировано файлов:         1.

server.dat - 0 error(s), 0 warning(s)

=======================================================================
	Xash3D QuakeC Compiler stopped at Oct05 2007 [00:01:48]
=======================================================================